2023-06-13 10:59:45.856 +08:00 [Information] Starting CAServer.HttpApi.Host.
2023-06-13 10:59:48.261 +08:00 [Information] Loaded ABP modules:
2023-06-13 10:59:48.262 +08:00 [Information] - CAServer.CAServerHttpApiHostModule
2023-06-13 10:59:48.262 +08:00 [Information]   - CAServer.CAServerHttpApiModule
2023-06-13 10:59:48.262 +08:00 [Information]     - CAServer.CAServerApplicationContractsModule
2023-06-13 10:59:48.262 +08:00 [Information]       - CAServer.CAServerDomainSharedModule
2023-06-13 10:59:48.262 +08:00 [Information]         - Volo.Abp.AuditLogging.AbpAuditLoggingDomainSharedModule
2023-06-13 10:59:48.262 +08:00 [Information]           - Volo.Abp.Validation.AbpValidationModule
2023-06-13 10:59:48.262 +08:00 [Information]             - Volo.Abp.Validation.AbpValidationAbstractionsModule
2023-06-13 10:59:48.262 +08:00 [Information]             - Volo.Abp.Localization.AbpLocalizationModule
2023-06-13 10:59:48.262 +08:00 [Information]               - Volo.Abp.VirtualFileSystem.AbpVirtualFileSystemModule
2023-06-13 10:59:48.262 +08:00 [Information]               - Volo.Abp.Settings.AbpSettingsModule
2023-06-13 10:59:48.262 +08:00 [Information]                 - Volo.Abp.Localization.AbpLocalizationAbstractionsModule
2023-06-13 10:59:48.262 +08:00 [Information]                 - Volo.Abp.Security.AbpSecurityModule
2023-06-13 10:59:48.262 +08:00 [Information]                 - Volo.Abp.MultiTenancy.AbpMultiTenancyModule
2023-06-13 10:59:48.262 +08:00 [Information]                   - Volo.Abp.Data.AbpDataModule
2023-06-13 10:59:48.262 +08:00 [Information]                     - Volo.Abp.ObjectExtending.AbpObjectExtendingModule
2023-06-13 10:59:48.262 +08:00 [Information]                     - Volo.Abp.Uow.AbpUnitOfWorkModule
2023-06-13 10:59:48.262 +08:00 [Information]                     - Volo.Abp.EventBus.Abstractions.AbpEventBusAbstractionsModule
2023-06-13 10:59:48.262 +08:00 [Information]               - Volo.Abp.Threading.AbpThreadingModule
2023-06-13 10:59:48.262 +08:00 [Information]         - Volo.Abp.BackgroundJobs.AbpBackgroundJobsDomainSharedModule
2023-06-13 10:59:48.262 +08:00 [Information]         - Volo.Abp.FeatureManagement.AbpFeatureManagementDomainSharedModule
2023-06-13 10:59:48.262 +08:00 [Information]           - Volo.Abp.Json.SystemTextJson.AbpJsonSystemTextJsonModule
2023-06-13 10:59:48.262 +08:00 [Information]             - Volo.Abp.Json.AbpJsonAbstractionsModule
2023-06-13 10:59:48.262 +08:00 [Information]             - Volo.Abp.Timing.AbpTimingModule
2023-06-13 10:59:48.262 +08:00 [Information]         - Volo.Abp.Identity.AbpIdentityDomainSharedModule
2023-06-13 10:59:48.262 +08:00 [Information]           - Volo.Abp.Users.AbpUsersDomainSharedModule
2023-06-13 10:59:48.262 +08:00 [Information]           - Volo.Abp.Features.AbpFeaturesModule
2023-06-13 10:59:48.262 +08:00 [Information]             - Volo.Abp.Authorization.AbpAuthorizationAbstractionsModule
2023-06-13 10:59:48.262 +08:00 [Information]         - Volo.Abp.OpenIddict.AbpOpenIddictDomainSharedModule
2023-06-13 10:59:48.262 +08:00 [Information]         - Volo.Abp.PermissionManagement.AbpPermissionManagementDomainSharedModule
2023-06-13 10:59:48.262 +08:00 [Information]         - Volo.Abp.SettingManagement.AbpSettingManagementDomainSharedModule
2023-06-13 10:59:48.262 +08:00 [Information]         - Volo.Abp.TenantManagement.AbpTenantManagementDomainSharedModule
2023-06-13 10:59:48.262 +08:00 [Information]       - Volo.Abp.Account.AbpAccountApplicationContractsModule
2023-06-13 10:59:48.262 +08:00 [Information]         - Volo.Abp.Identity.AbpIdentityApplicationContractsModule
2023-06-13 10:59:48.262 +08:00 [Information]           - Volo.Abp.Users.AbpUsersAbstractionModule
2023-06-13 10:59:48.262 +08:00 [Information]             - Volo.Abp.EventBus.AbpEventBusModule
2023-06-13 10:59:48.262 +08:00 [Information]               - Volo.Abp.Json.AbpJsonModule
2023-06-13 10:59:48.262 +08:00 [Information]               - Volo.Abp.Guids.AbpGuidsModule
2023-06-13 10:59:48.262 +08:00 [Information]               - Volo.Abp.BackgroundWorkers.AbpBackgroundWorkersModule
2023-06-13 10:59:48.262 +08:00 [Information]               - Volo.Abp.DistributedLocking.AbpDistributedLockingAbstractionsModule
2023-06-13 10:59:48.262 +08:00 [Information]           - Volo.Abp.Authorization.AbpAuthorizationModule
2023-06-13 10:59:48.262 +08:00 [Information]           - Volo.Abp.PermissionManagement.AbpPermissionManagementApplicationContractsModule
2023-06-13 10:59:48.262 +08:00 [Information]             - Volo.Abp.Application.AbpDddApplicationContractsModule
2023-06-13 10:59:48.262 +08:00 [Information]               - Volo.Abp.Auditing.AbpAuditingContractsModule
2023-06-13 10:59:48.262 +08:00 [Information]       - Volo.Abp.FeatureManagement.AbpFeatureManagementApplicationContractsModule
2023-06-13 10:59:48.262 +08:00 [Information]       - Volo.Abp.SettingManagement.AbpSettingManagementApplicationContractsModule
2023-06-13 10:59:48.262 +08:00 [Information]       - Volo.Abp.TenantManagement.AbpTenantManagementApplicationContractsModule
2023-06-13 10:59:48.262 +08:00 [Information]     - Volo.Abp.Account.AbpAccountHttpApiModule
2023-06-13 10:59:48.262 +08:00 [Information]       - Volo.Abp.Identity.AbpIdentityHttpApiModule
2023-06-13 10:59:48.262 +08:00 [Information]         - Volo.Abp.AspNetCore.Mvc.AbpAspNetCoreMvcModule
2023-06-13 10:59:48.262 +08:00 [Information]           - Volo.Abp.AspNetCore.AbpAspNetCoreModule
2023-06-13 10:59:48.262 +08:00 [Information]             - Volo.Abp.Auditing.AbpAuditingModule
2023-06-13 10:59:48.262 +08:00 [Information]             - Volo.Abp.Http.AbpHttpModule
2023-06-13 10:59:48.262 +08:00 [Information]               - Volo.Abp.Http.AbpHttpAbstractionsModule
2023-06-13 10:59:48.262 +08:00 [Information]               - Volo.Abp.Minify.AbpMinifyModule
2023-06-13 10:59:48.262 +08:00 [Information]             - Volo.Abp.ExceptionHandling.AbpExceptionHandlingModule
2023-06-13 10:59:48.262 +08:00 [Information]           - Volo.Abp.ApiVersioning.AbpApiVersioningAbstractionsModule
2023-06-13 10:59:48.262 +08:00 [Information]           - Volo.Abp.AspNetCore.Mvc.AbpAspNetCoreMvcContractsModule
2023-06-13 10:59:48.262 +08:00 [Information]           - Volo.Abp.UI.Navigation.AbpUiNavigationModule
2023-06-13 10:59:48.262 +08:00 [Information]             - Volo.Abp.UI.AbpUiModule
2023-06-13 10:59:48.262 +08:00 [Information]           - Volo.Abp.GlobalFeatures.AbpGlobalFeaturesModule
2023-06-13 10:59:48.262 +08:00 [Information]           - Volo.Abp.Application.AbpDddApplicationModule
2023-06-13 10:59:48.262 +08:00 [Information]             - Volo.Abp.Domain.AbpDddDomainModule
2023-06-13 10:59:48.262 +08:00 [Information]               - Volo.Abp.ObjectMapping.AbpObjectMappingModule
2023-06-13 10:59:48.262 +08:00 [Information]               - Volo.Abp.Specifications.AbpSpecificationsModule
2023-06-13 10:59:48.262 +08:00 [Information]               - Volo.Abp.Caching.AbpCachingModule
2023-06-13 10:59:48.262 +08:00 [Information]                 - Volo.Abp.Serialization.AbpSerializationModule
2023-06-13 10:59:48.262 +08:00 [Information]     - Volo.Abp.PermissionManagement.HttpApi.AbpPermissionManagementHttpApiModule
2023-06-13 10:59:48.262 +08:00 [Information]     - Volo.Abp.TenantManagement.AbpTenantManagementHttpApiModule
2023-06-13 10:59:48.262 +08:00 [Information]       - Volo.Abp.FeatureManagement.AbpFeatureManagementHttpApiModule
2023-06-13 10:59:48.262 +08:00 [Information]     - Volo.Abp.SettingManagement.AbpSettingManagementHttpApiModule
2023-06-13 10:59:48.263 +08:00 [Information]     - Volo.Abp.EventBus.RabbitMq.AbpEventBusRabbitMqModule
2023-06-13 10:59:48.263 +08:00 [Information]       - Volo.Abp.RabbitMQ.AbpRabbitMqModule
2023-06-13 10:59:48.263 +08:00 [Information]   - Volo.Abp.Autofac.AbpAutofacModule
2023-06-13 10:59:48.263 +08:00 [Information]     - Volo.Abp.Castle.AbpCastleCoreModule
2023-06-13 10:59:48.263 +08:00 [Information]   - Volo.Abp.Caching.StackExchangeRedis.AbpCachingStackExchangeRedisModule
2023-06-13 10:59:48.263 +08:00 [Information]   - Volo.Abp.DistributedLocking.AbpDistributedLockingModule
2023-06-13 10:59:48.263 +08:00 [Information]   - Volo.Abp.AspNetCore.Mvc.UI.MultiTenancy.AbpAspNetCoreMvcUiMultiTenancyModule
2023-06-13 10:59:48.263 +08:00 [Information]     - Volo.Abp.AspNetCore.Mvc.UI.Theme.Shared.AbpAspNetCoreMvcUiThemeSharedModule
2023-06-13 10:59:48.263 +08:00 [Information]       - Volo.Abp.AspNetCore.Mvc.UI.Bootstrap.AbpAspNetCoreMvcUiBootstrapModule
2023-06-13 10:59:48.263 +08:00 [Information]         - Volo.Abp.AspNetCore.Mvc.UI.AbpAspNetCoreMvcUiModule
2023-06-13 10:59:48.263 +08:00 [Information]       - Volo.Abp.AspNetCore.Mvc.UI.Packages.AbpAspNetCoreMvcUiPackagesModule
2023-06-13 10:59:48.263 +08:00 [Information]         - Volo.Abp.AspNetCore.Mvc.UI.Bundling.AbpAspNetCoreMvcUiBundlingAbstractionsModule
2023-06-13 10:59:48.263 +08:00 [Information]       - Volo.Abp.AspNetCore.Mvc.UI.Widgets.AbpAspNetCoreMvcUiWidgetsModule
2023-06-13 10:59:48.263 +08:00 [Information]         - Volo.Abp.AspNetCore.Mvc.UI.Bundling.AbpAspNetCoreMvcUiBundlingModule
2023-06-13 10:59:48.263 +08:00 [Information]     - Volo.Abp.AspNetCore.MultiTenancy.AbpAspNetCoreMultiTenancyModule
2023-06-13 10:59:48.263 +08:00 [Information]   - CAServer.CAServerApplicationModule
2023-06-13 10:59:48.263 +08:00 [Information]     - CAServer.CAServerDomainModule
2023-06-13 10:59:48.263 +08:00 [Information]       - Volo.Abp.AuditLogging.AbpAuditLoggingDomainModule
2023-06-13 10:59:48.263 +08:00 [Information]       - Volo.Abp.FeatureManagement.AbpFeatureManagementDomainModule
2023-06-13 10:59:48.263 +08:00 [Information]       - Volo.Abp.Identity.AbpIdentityDomainModule
2023-06-13 10:59:48.263 +08:00 [Information]         - Volo.Abp.Users.AbpUsersDomainModule
2023-06-13 10:59:48.263 +08:00 [Information]         - Volo.Abp.AutoMapper.AbpAutoMapperModule
2023-06-13 10:59:48.263 +08:00 [Information]       - Volo.Abp.OpenIddict.AbpOpenIddictDomainModule
2023-06-13 10:59:48.263 +08:00 [Information]       - Volo.Abp.PermissionManagement.OpenIddict.AbpPermissionManagementDomainOpenIddictModule
2023-06-13 10:59:48.263 +08:00 [Information]         - Volo.Abp.PermissionManagement.AbpPermissionManagementDomainModule
2023-06-13 10:59:48.263 +08:00 [Information]       - Volo.Abp.PermissionManagement.Identity.AbpPermissionManagementDomainIdentityModule
2023-06-13 10:59:48.263 +08:00 [Information]       - Volo.Abp.SettingManagement.AbpSettingManagementDomainModule
2023-06-13 10:59:48.263 +08:00 [Information]       - Volo.Abp.TenantManagement.AbpTenantManagementDomainModule
2023-06-13 10:59:48.263 +08:00 [Information]       - Volo.Abp.Emailing.AbpEmailingModule
2023-06-13 10:59:48.263 +08:00 [Information]         - Volo.Abp.BackgroundJobs.AbpBackgroundJobsAbstractionsModule
2023-06-13 10:59:48.263 +08:00 [Information]         - Volo.Abp.TextTemplating.AbpTextTemplatingModule
2023-06-13 10:59:48.263 +08:00 [Information]           - Volo.Abp.TextTemplating.Scriban.AbpTextTemplatingScribanModule
2023-06-13 10:59:48.263 +08:00 [Information]             - Volo.Abp.TextTemplating.AbpTextTemplatingCoreModule
2023-06-13 10:59:48.263 +08:00 [Information]       - AElf.Indexing.Elasticsearch.AElfIndexingElasticsearchModule
2023-06-13 10:59:48.263 +08:00 [Information]     - Volo.Abp.Account.AbpAccountApplicationModule
2023-06-13 10:59:48.263 +08:00 [Information]       - Volo.Abp.Identity.AbpIdentityApplicationModule
2023-06-13 10:59:48.263 +08:00 [Information]         - Volo.Abp.PermissionManagement.AbpPermissionManagementApplicationModule
2023-06-13 10:59:48.263 +08:00 [Information]     - Volo.Abp.TenantManagement.AbpTenantManagementApplicationModule
2023-06-13 10:59:48.263 +08:00 [Information]     - Volo.Abp.FeatureManagement.AbpFeatureManagementApplicationModule
2023-06-13 10:59:48.263 +08:00 [Information]     - Volo.Abp.SettingManagement.AbpSettingManagementApplicationModule
2023-06-13 10:59:48.263 +08:00 [Information]     - CAServer.Grains.CAServerGrainsModule
2023-06-13 10:59:48.263 +08:00 [Information]       - CAServer.Signature.CAServerSignatureModule
2023-06-13 10:59:48.263 +08:00 [Information]   - CAServer.MongoDB.CAServerMongoDbModule
2023-06-13 10:59:48.263 +08:00 [Information]     - Volo.Abp.PermissionManagement.MongoDB.AbpPermissionManagementMongoDbModule
2023-06-13 10:59:48.263 +08:00 [Information]       - Volo.Abp.MongoDB.AbpMongoDbModule
2023-06-13 10:59:48.263 +08:00 [Information]     - Volo.Abp.SettingManagement.MongoDB.AbpSettingManagementMongoDbModule
2023-06-13 10:59:48.263 +08:00 [Information]     - Volo.Abp.Identity.MongoDB.AbpIdentityMongoDbModule
2023-06-13 10:59:48.263 +08:00 [Information]       - Volo.Abp.Users.MongoDB.AbpUsersMongoDbModule
2023-06-13 10:59:48.263 +08:00 [Information]     - Volo.Abp.OpenIddict.MongoDB.AbpOpenIddictMongoDbModule
2023-06-13 10:59:48.263 +08:00 [Information]     - Volo.Abp.AuditLogging.MongoDB.AbpAuditLoggingMongoDbModule
2023-06-13 10:59:48.263 +08:00 [Information]     - Volo.Abp.TenantManagement.MongoDB.AbpTenantManagementMongoDbModule
2023-06-13 10:59:48.263 +08:00 [Information]     - Volo.Abp.FeatureManagement.MongoDB.AbpFeatureManagementMongoDbModule
2023-06-13 10:59:48.263 +08:00 [Information]   - Volo.Abp.AspNetCore.Serilog.AbpAspNetCoreSerilogModule
2023-06-13 10:59:48.263 +08:00 [Information]   - CAServer.Hub.CAServerHubModule
2023-06-13 10:59:48.263 +08:00 [Information]   - CAServer.Redis.CAServerRedisModule
2023-06-13 10:59:48.263 +08:00 [Information]   - Volo.Abp.Swashbuckle.AbpSwashbuckleModule
2023-06-13 10:59:48.731 +08:00 [Information]  index: caserver.accountrecoverindex type: CAServer.Entities.Es.AccountRecoverIndex existed
2023-06-13 10:59:48.745 +08:00 [Information]  index: caserver.accountregisterindex type: CAServer.Entities.Es.AccountRegisterIndex existed
2023-06-13 10:59:48.759 +08:00 [Information]  index: caserver.caholderindex type: CAServer.Entities.Es.CAHolderIndex existed
2023-06-13 10:59:48.780 +08:00 [Information]  index: caserver.chainsinfoindex type: CAServer.Entities.Es.ChainsInfoIndex existed
2023-06-13 10:59:48.784 +08:00 [Information]  index: caserver.contactindex type: CAServer.Entities.Es.ContactIndex existed
2023-06-13 10:59:48.792 +08:00 [Information]  index: caserver.guardianindex type: CAServer.Entities.Es.GuardianIndex existed
2023-06-13 10:59:48.796 +08:00 [Information]  index: caserver.notifyrulesindex type: CAServer.Entities.Es.NotifyRulesIndex existed
2023-06-13 10:59:48.809 +08:00 [Information]  index: caserver.orderindex type: CAServer.Entities.Es.OrderIndex existed
2023-06-13 10:59:48.813 +08:00 [Information]  index: caserver.userextrainfoindex type: CAServer.Entities.Es.UserExtraInfoIndex existed
2023-06-13 10:59:48.819 +08:00 [Information]  index: caserver.usertokenindex type: CAServer.Entities.Es.UserTokenIndex existed
2023-06-13 10:59:48.973 +08:00 [Debug] Started background worker: Volo.Abp.OpenIddict.Tokens.TokenCleanupBackgroundWorker
2023-06-13 10:59:50.388 +08:00 [Information] Initialized all ABP modules.
