2023-06-13 10:59:09.700 +08:00 [Information] Starting CA.EntityEventHandler.
2023-06-13 10:59:11.043 +08:00 [Information] Loaded ABP modules:
2023-06-13 10:59:11.044 +08:00 [Information] - CAServer.CAServerEntityEventHandlerModule
2023-06-13 10:59:11.044 +08:00 [Information]   - Volo.Abp.Autofac.AbpAutofacModule
2023-06-13 10:59:11.044 +08:00 [Information]     - Volo.Abp.Castle.AbpCastleCoreModule
2023-06-13 10:59:11.044 +08:00 [Information]   - CAServer.MongoDB.CAServerMongoDbModule
2023-06-13 10:59:11.044 +08:00 [Information]     - CAServer.CAServerDomainModule
2023-06-13 10:59:11.044 +08:00 [Information]       - CAServer.CAServerDomainSharedModule
2023-06-13 10:59:11.044 +08:00 [Information]         - Volo.Abp.AuditLogging.AbpAuditLoggingDomainSharedModule
2023-06-13 10:59:11.044 +08:00 [Information]           - Volo.Abp.Validation.AbpValidationModule
2023-06-13 10:59:11.044 +08:00 [Information]             - Volo.Abp.Validation.AbpValidationAbstractionsModule
2023-06-13 10:59:11.044 +08:00 [Information]             - Volo.Abp.Localization.AbpLocalizationModule
2023-06-13 10:59:11.044 +08:00 [Information]               - Volo.Abp.VirtualFileSystem.AbpVirtualFileSystemModule
2023-06-13 10:59:11.044 +08:00 [Information]               - Volo.Abp.Settings.AbpSettingsModule
2023-06-13 10:59:11.044 +08:00 [Information]                 - Volo.Abp.Localization.AbpLocalizationAbstractionsModule
2023-06-13 10:59:11.044 +08:00 [Information]                 - Volo.Abp.Security.AbpSecurityModule
2023-06-13 10:59:11.044 +08:00 [Information]                 - Volo.Abp.MultiTenancy.AbpMultiTenancyModule
2023-06-13 10:59:11.044 +08:00 [Information]                   - Volo.Abp.Data.AbpDataModule
2023-06-13 10:59:11.044 +08:00 [Information]                     - Volo.Abp.ObjectExtending.AbpObjectExtendingModule
2023-06-13 10:59:11.044 +08:00 [Information]                     - Volo.Abp.Uow.AbpUnitOfWorkModule
2023-06-13 10:59:11.044 +08:00 [Information]                     - Volo.Abp.EventBus.Abstractions.AbpEventBusAbstractionsModule
2023-06-13 10:59:11.044 +08:00 [Information]               - Volo.Abp.Threading.AbpThreadingModule
2023-06-13 10:59:11.044 +08:00 [Information]         - Volo.Abp.BackgroundJobs.AbpBackgroundJobsDomainSharedModule
2023-06-13 10:59:11.044 +08:00 [Information]         - Volo.Abp.FeatureManagement.AbpFeatureManagementDomainSharedModule
2023-06-13 10:59:11.044 +08:00 [Information]           - Volo.Abp.Json.SystemTextJson.AbpJsonSystemTextJsonModule
2023-06-13 10:59:11.044 +08:00 [Information]             - Volo.Abp.Json.AbpJsonAbstractionsModule
2023-06-13 10:59:11.044 +08:00 [Information]             - Volo.Abp.Timing.AbpTimingModule
2023-06-13 10:59:11.044 +08:00 [Information]         - Volo.Abp.Identity.AbpIdentityDomainSharedModule
2023-06-13 10:59:11.044 +08:00 [Information]           - Volo.Abp.Users.AbpUsersDomainSharedModule
2023-06-13 10:59:11.044 +08:00 [Information]           - Volo.Abp.Features.AbpFeaturesModule
2023-06-13 10:59:11.044 +08:00 [Information]             - Volo.Abp.Authorization.AbpAuthorizationAbstractionsModule
2023-06-13 10:59:11.044 +08:00 [Information]         - Volo.Abp.OpenIddict.AbpOpenIddictDomainSharedModule
2023-06-13 10:59:11.044 +08:00 [Information]         - Volo.Abp.PermissionManagement.AbpPermissionManagementDomainSharedModule
2023-06-13 10:59:11.044 +08:00 [Information]         - Volo.Abp.SettingManagement.AbpSettingManagementDomainSharedModule
2023-06-13 10:59:11.044 +08:00 [Information]         - Volo.Abp.TenantManagement.AbpTenantManagementDomainSharedModule
2023-06-13 10:59:11.044 +08:00 [Information]       - Volo.Abp.AuditLogging.AbpAuditLoggingDomainModule
2023-06-13 10:59:11.044 +08:00 [Information]         - Volo.Abp.Auditing.AbpAuditingModule
2023-06-13 10:59:11.044 +08:00 [Information]           - Volo.Abp.Json.AbpJsonModule
2023-06-13 10:59:11.044 +08:00 [Information]           - Volo.Abp.Auditing.AbpAuditingContractsModule
2023-06-13 10:59:11.044 +08:00 [Information]         - Volo.Abp.Domain.AbpDddDomainModule
2023-06-13 10:59:11.044 +08:00 [Information]           - Volo.Abp.EventBus.AbpEventBusModule
2023-06-13 10:59:11.044 +08:00 [Information]             - Volo.Abp.Guids.AbpGuidsModule
2023-06-13 10:59:11.044 +08:00 [Information]             - Volo.Abp.BackgroundWorkers.AbpBackgroundWorkersModule
2023-06-13 10:59:11.044 +08:00 [Information]             - Volo.Abp.DistributedLocking.AbpDistributedLockingAbstractionsModule
2023-06-13 10:59:11.044 +08:00 [Information]           - Volo.Abp.ObjectMapping.AbpObjectMappingModule
2023-06-13 10:59:11.044 +08:00 [Information]           - Volo.Abp.ExceptionHandling.AbpExceptionHandlingModule
2023-06-13 10:59:11.044 +08:00 [Information]           - Volo.Abp.Specifications.AbpSpecificationsModule
2023-06-13 10:59:11.044 +08:00 [Information]           - Volo.Abp.Caching.AbpCachingModule
2023-06-13 10:59:11.044 +08:00 [Information]             - Volo.Abp.Serialization.AbpSerializationModule
2023-06-13 10:59:11.044 +08:00 [Information]       - Volo.Abp.FeatureManagement.AbpFeatureManagementDomainModule
2023-06-13 10:59:11.044 +08:00 [Information]       - Volo.Abp.Identity.AbpIdentityDomainModule
2023-06-13 10:59:11.044 +08:00 [Information]         - Volo.Abp.Users.AbpUsersDomainModule
2023-06-13 10:59:11.044 +08:00 [Information]           - Volo.Abp.Users.AbpUsersAbstractionModule
2023-06-13 10:59:11.044 +08:00 [Information]         - Volo.Abp.AutoMapper.AbpAutoMapperModule
2023-06-13 10:59:11.044 +08:00 [Information]       - Volo.Abp.OpenIddict.AbpOpenIddictDomainModule
2023-06-13 10:59:11.044 +08:00 [Information]       - Volo.Abp.PermissionManagement.OpenIddict.AbpPermissionManagementDomainOpenIddictModule
2023-06-13 10:59:11.044 +08:00 [Information]         - Volo.Abp.PermissionManagement.AbpPermissionManagementDomainModule
2023-06-13 10:59:11.044 +08:00 [Information]           - Volo.Abp.Authorization.AbpAuthorizationModule
2023-06-13 10:59:11.044 +08:00 [Information]       - Volo.Abp.PermissionManagement.Identity.AbpPermissionManagementDomainIdentityModule
2023-06-13 10:59:11.044 +08:00 [Information]       - Volo.Abp.SettingManagement.AbpSettingManagementDomainModule
2023-06-13 10:59:11.044 +08:00 [Information]       - Volo.Abp.TenantManagement.AbpTenantManagementDomainModule
2023-06-13 10:59:11.044 +08:00 [Information]       - Volo.Abp.Emailing.AbpEmailingModule
2023-06-13 10:59:11.044 +08:00 [Information]         - Volo.Abp.BackgroundJobs.AbpBackgroundJobsAbstractionsModule
2023-06-13 10:59:11.044 +08:00 [Information]         - Volo.Abp.TextTemplating.AbpTextTemplatingModule
2023-06-13 10:59:11.044 +08:00 [Information]           - Volo.Abp.TextTemplating.Scriban.AbpTextTemplatingScribanModule
2023-06-13 10:59:11.044 +08:00 [Information]             - Volo.Abp.TextTemplating.AbpTextTemplatingCoreModule
2023-06-13 10:59:11.044 +08:00 [Information]       - AElf.Indexing.Elasticsearch.AElfIndexingElasticsearchModule
2023-06-13 10:59:11.044 +08:00 [Information]     - Volo.Abp.PermissionManagement.MongoDB.AbpPermissionManagementMongoDbModule
2023-06-13 10:59:11.044 +08:00 [Information]       - Volo.Abp.MongoDB.AbpMongoDbModule
2023-06-13 10:59:11.044 +08:00 [Information]     - Volo.Abp.SettingManagement.MongoDB.AbpSettingManagementMongoDbModule
2023-06-13 10:59:11.044 +08:00 [Information]     - Volo.Abp.Identity.MongoDB.AbpIdentityMongoDbModule
2023-06-13 10:59:11.044 +08:00 [Information]       - Volo.Abp.Users.MongoDB.AbpUsersMongoDbModule
2023-06-13 10:59:11.044 +08:00 [Information]     - Volo.Abp.OpenIddict.MongoDB.AbpOpenIddictMongoDbModule
2023-06-13 10:59:11.044 +08:00 [Information]     - Volo.Abp.AuditLogging.MongoDB.AbpAuditLoggingMongoDbModule
2023-06-13 10:59:11.044 +08:00 [Information]     - Volo.Abp.TenantManagement.MongoDB.AbpTenantManagementMongoDbModule
2023-06-13 10:59:11.044 +08:00 [Information]     - Volo.Abp.FeatureManagement.MongoDB.AbpFeatureManagementMongoDbModule
2023-06-13 10:59:11.044 +08:00 [Information]   - Volo.Abp.AspNetCore.Serilog.AbpAspNetCoreSerilogModule
2023-06-13 10:59:11.044 +08:00 [Information]     - Volo.Abp.AspNetCore.AbpAspNetCoreModule
2023-06-13 10:59:11.044 +08:00 [Information]       - Volo.Abp.Http.AbpHttpModule
2023-06-13 10:59:11.044 +08:00 [Information]         - Volo.Abp.Http.AbpHttpAbstractionsModule
2023-06-13 10:59:11.045 +08:00 [Information]         - Volo.Abp.Minify.AbpMinifyModule
2023-06-13 10:59:11.045 +08:00 [Information]   - CAServer.EntityEventHandler.Core.CAServerEntityEventHandlerCoreModule
2023-06-13 10:59:11.045 +08:00 [Information]     - CAServer.CAServerApplicationModule
2023-06-13 10:59:11.045 +08:00 [Information]       - Volo.Abp.Account.AbpAccountApplicationModule
2023-06-13 10:59:11.045 +08:00 [Information]         - Volo.Abp.Account.AbpAccountApplicationContractsModule
2023-06-13 10:59:11.045 +08:00 [Information]           - Volo.Abp.Identity.AbpIdentityApplicationContractsModule
2023-06-13 10:59:11.045 +08:00 [Information]             - Volo.Abp.PermissionManagement.AbpPermissionManagementApplicationContractsModule
2023-06-13 10:59:11.045 +08:00 [Information]               - Volo.Abp.Application.AbpDddApplicationContractsModule
2023-06-13 10:59:11.045 +08:00 [Information]         - Volo.Abp.Identity.AbpIdentityApplicationModule
2023-06-13 10:59:11.045 +08:00 [Information]           - Volo.Abp.PermissionManagement.AbpPermissionManagementApplicationModule
2023-06-13 10:59:11.045 +08:00 [Information]             - Volo.Abp.Application.AbpDddApplicationModule
2023-06-13 10:59:11.045 +08:00 [Information]               - Volo.Abp.GlobalFeatures.AbpGlobalFeaturesModule
2023-06-13 10:59:11.045 +08:00 [Information]         - Volo.Abp.UI.Navigation.AbpUiNavigationModule
2023-06-13 10:59:11.045 +08:00 [Information]           - Volo.Abp.UI.AbpUiModule
2023-06-13 10:59:11.045 +08:00 [Information]       - CAServer.CAServerApplicationContractsModule
2023-06-13 10:59:11.045 +08:00 [Information]         - Volo.Abp.FeatureManagement.AbpFeatureManagementApplicationContractsModule
2023-06-13 10:59:11.045 +08:00 [Information]         - Volo.Abp.SettingManagement.AbpSettingManagementApplicationContractsModule
2023-06-13 10:59:11.045 +08:00 [Information]         - Volo.Abp.TenantManagement.AbpTenantManagementApplicationContractsModule
2023-06-13 10:59:11.045 +08:00 [Information]       - Volo.Abp.TenantManagement.AbpTenantManagementApplicationModule
2023-06-13 10:59:11.045 +08:00 [Information]       - Volo.Abp.FeatureManagement.AbpFeatureManagementApplicationModule
2023-06-13 10:59:11.045 +08:00 [Information]       - Volo.Abp.SettingManagement.AbpSettingManagementApplicationModule
2023-06-13 10:59:11.045 +08:00 [Information]       - CAServer.Grains.CAServerGrainsModule
2023-06-13 10:59:11.045 +08:00 [Information]         - CAServer.Signature.CAServerSignatureModule
2023-06-13 10:59:11.045 +08:00 [Information]   - Volo.Abp.EventBus.RabbitMq.AbpEventBusRabbitMqModule
2023-06-13 10:59:11.045 +08:00 [Information]     - Volo.Abp.RabbitMQ.AbpRabbitMqModule
2023-06-13 10:59:13.179 +08:00 [Information] create index for type CAServer.Entities.Es.AccountRecoverIndex  index name: caserver.accountrecoverindex
2023-06-13 10:59:16.310 +08:00 [Information] create index for type CAServer.Entities.Es.AccountRegisterIndex  index name: caserver.accountregisterindex
2023-06-13 10:59:18.697 +08:00 [Information] create index for type CAServer.Entities.Es.CAHolderIndex  index name: caserver.caholderindex
2023-06-13 10:59:21.228 +08:00 [Information] create index for type CAServer.Entities.Es.ChainsInfoIndex  index name: caserver.chainsinfoindex
2023-06-13 10:59:24.515 +08:00 [Information] create index for type CAServer.Entities.Es.ContactIndex  index name: caserver.contactindex
2023-06-13 10:59:27.094 +08:00 [Information] create index for type CAServer.Entities.Es.GuardianIndex  index name: caserver.guardianindex
2023-06-13 10:59:29.469 +08:00 [Information] create index for type CAServer.Entities.Es.NotifyRulesIndex  index name: caserver.notifyrulesindex
2023-06-13 10:59:31.986 +08:00 [Information] create index for type CAServer.Entities.Es.OrderIndex  index name: caserver.orderindex
2023-06-13 10:59:34.418 +08:00 [Information] create index for type CAServer.Entities.Es.UserExtraInfoIndex  index name: caserver.userextrainfoindex
2023-06-13 10:59:36.856 +08:00 [Information] create index for type CAServer.Entities.Es.UserTokenIndex  index name: caserver.usertokenindex
2023-06-13 10:59:40.666 +08:00 [Information] Initialized all ABP modules.
